<?xml version="1.0" encoding="UTF-8"?>
<!-- Generated by org.testng.reporters.JUnitReportReporter -->
<testsuite hostname="LSTKAG234381" failures="0" tests="9" name="tests.ProductTest" time="51.599" errors="1" timestamp="2023-02-16T14:18:10 CST" skipped="0">
  <testcase classname="tests.ProductTest" name="TC01" time="6.071"/>
  <system-out/>
  <testcase classname="tests.ProductTest" name="TC02" time="4.643"/>
  <system-out/>
  <testcase classname="tests.ProductTest" name="TC03" time="1.623"/>
  <system-out/>
  <testcase classname="tests.ProductTest" name="TC05" time="6.321"/>
  <system-out/>
  <testcase classname="tests.ProductTest" name="TC10_2" time="1.671"/>
  <system-out/>
  <testcase classname="tests.ProductTest" name="TC06" time="12.813"/>
  <system-out/>
  <testcase classname="tests.ProductTest" name="TC10_1" time="11.559"/>
  <system-out/>
  <testcase classname="tests.ProductTest" name="TC08" time="6.268"/>
  <system-out/>
  <testcase classname="tests.ProductTest" name="TC09" time="0.630">
    <error message="ERROR EXIST!!" type="java.lang.Error">
      <![CDATA[java.lang.Error: ERROR EXIST!!
at tests.ProductTest.TC09(ProductTest.java:139)
at java.base/jdk.internal.reflect.NativeMethodAccessorImpl.invoke0(Native Method)
at java.base/jdk.internal.reflect.NativeMethodAccessorImpl.invoke(NativeMethodAccessorImpl.java:77)
at java.base/jdk.internal.reflect.DelegatingMethodAccessorImpl.invoke(DelegatingMethodAccessorImpl.java:43)
at java.base/java.lang.reflect.Method.invoke(Method.java:568)
at org.testng.internal.MethodInvocationHelper.invokeMethod(MethodInvocationHelper.java:133)
at org.testng.internal.TestInvoker.invokeMethod(TestInvoker.java:598)
at org.testng.internal.TestInvoker.invokeTestMethod(TestInvoker.java:173)
at org.testng.internal.MethodRunner.runInSequence(MethodRunner.java:46)
at org.testng.internal.TestInvoker$MethodInvocationAgent.invoke(TestInvoker.java:824)
at org.testng.internal.TestInvoker.invokeTestMethods(TestInvoker.java:146)
at org.testng.internal.TestMethodWorker.invokeTestMethods(TestMethodWorker.java:146)
at org.testng.internal.TestMethodWorker.run(TestMethodWorker.java:128)
at java.base/java.util.ArrayList.forEach(ArrayList.java:1511)
at org.testng.TestRunner.privateRun(TestRunner.java:794)
at org.testng.TestRunner.run(TestRunner.java:596)
at org.testng.SuiteRunner.runTest(SuiteRunner.java:377)
at org.testng.SuiteRunner.runSequentially(SuiteRunner.java:371)
at org.testng.SuiteRunner.privateRun(SuiteRunner.java:332)
at org.testng.SuiteRunner.run(SuiteRunner.java:276)
at org.testng.SuiteRunnerWorker.runSuite(SuiteRunnerWorker.java:53)
at org.testng.SuiteRunnerWorker.run(SuiteRunnerWorker.java:96)
at org.testng.TestNG.runSuitesSequentially(TestNG.java:1212)
at org.testng.TestNG.runSuitesLocally(TestNG.java:1134)
at org.testng.TestNG.runSuites(TestNG.java:1063)
at org.testng.TestNG.run(TestNG.java:1031)
at org.testng.remote.AbstractRemoteTestNG.run(AbstractRemoteTestNG.java:115)
at org.testng.remote.RemoteTestNG.initAndRun(RemoteTestNG.java:251)
at org.testng.remote.RemoteTestNG.main(RemoteTestNG.java:77)
]]>
    </error>
  </testcase> <!-- TC09 -->
  <system-out/>
</testsuite> <!-- tests.ProductTest -->
