<?xml version="1.0" encoding="UTF-8"?>
<!-- Generated by org.testng.reporters.JUnitReportReporter -->
<testsuite hostname="LSTKAG234381" failures="0" tests="1" name="tests.Test1" time="0.006" errors="0" timestamp="2023-02-14T12:52:58 CST" skipped="0">
  <testcase classname="tests.Test1" name="test" time="0.006"/>
  <system-out/>
</testsuite> <!-- tests.Test1 -->
